<?xml version="1.0" encoding="UTF-8"?>
<robot generator="Robot 5.0 (Python 3.10.4 on win32)" generated="20220516 14:43:43.109" rpa="false" schemaversion="3">
<suite id="s1" name="Variables" source="D:\devworks\python_projects\robot-framework-alpha\initial-project\tests\variables.robot">
<test id="s1-t1" name="Open a browser for test" line="10">
<kw name="Open Browser" library="SeleniumLibrary">
<arg>about:blank</arg>
<arg>${BROWSER}</arg>
<doc>Opens a new browser instance to the optional ``url``.</doc>
<msg timestamp="20220516 14:43:43.420" level="INFO">Opening browser 'chrome' to base url 'about:blank'.</msg>
<status status="PASS" starttime="20220516 14:43:43.419" endtime="20220516 14:43:45.155"/>
</kw>
<kw name="Set Variable" library="BuiltIn">
<var>${BROWSER}</var>
<arg>firefox</arg>
<doc>Returns the given values which can then be assigned to a variables.</doc>
<msg timestamp="20220516 14:43:45.156" level="INFO">${BROWSER} = firefox</msg>
<status status="PASS" starttime="20220516 14:43:45.156" endtime="20220516 14:43:45.157"/>
</kw>
<kw name="Log" library="BuiltIn">
<arg>${BROWSER}</arg>
<doc>Logs the given message with the given level.</doc>
<msg timestamp="20220516 14:43:45.157" level="INFO">firefox</msg>
<status status="PASS" starttime="20220516 14:43:45.157" endtime="20220516 14:43:45.157"/>
</kw>
<kw name="Log" library="BuiltIn">
<arg>${LIST_VARIABLE}[0]</arg>
<doc>Logs the given message with the given level.</doc>
<msg timestamp="20220516 14:43:45.158" level="INFO">alpha</msg>
<status status="PASS" starttime="20220516 14:43:45.158" endtime="20220516 14:43:45.158"/>
</kw>
<kw name="Log" library="BuiltIn">
<arg>${LIST_VARIABLE}[1]</arg>
<doc>Logs the given message with the given level.</doc>
<msg timestamp="20220516 14:43:45.159" level="INFO">beta</msg>
<status status="PASS" starttime="20220516 14:43:45.158" endtime="20220516 14:43:45.159"/>
</kw>
<kw name="Log" library="BuiltIn">
<arg>${LIST_VARIABLE}[2]</arg>
<doc>Logs the given message with the given level.</doc>
<msg timestamp="20220516 14:43:45.159" level="INFO">gamma</msg>
<status status="PASS" starttime="20220516 14:43:45.159" endtime="20220516 14:43:45.159"/>
</kw>
<kw name="Set Variable" library="BuiltIn">
<var>${test_var}</var>
<arg>non global variable value</arg>
<doc>Returns the given values which can then be assigned to a variables.</doc>
<msg timestamp="20220516 14:43:45.160" level="INFO">${test_var} = non global variable value</msg>
<status status="PASS" starttime="20220516 14:43:45.160" endtime="20220516 14:43:45.160"/>
</kw>
<kw name="Log" library="BuiltIn">
<arg>${test_var}</arg>
<doc>Logs the given message with the given level.</doc>
<msg timestamp="20220516 14:43:45.161" level="INFO">non global variable value</msg>
<status status="PASS" starttime="20220516 14:43:45.161" endtime="20220516 14:43:45.161"/>
</kw>
<kw name="Close Browser" library="SeleniumLibrary">
<doc>Closes the current browser.</doc>
<status status="PASS" starttime="20220516 14:43:45.161" endtime="20220516 14:43:47.408"/>
</kw>
<kw name="Begin Web Test">
<arg>https://www.google.com</arg>
<arg>chrome</arg>
<kw name="Open Browser" library="SeleniumLibrary">
<arg>${url}</arg>
<arg>${BROWSER}</arg>
<doc>Opens a new browser instance to the optional ``url``.</doc>
<msg timestamp="20220516 14:43:47.410" level="INFO">Opening browser 'chrome' to base url 'https://www.google.com'.</msg>
<status status="PASS" starttime="20220516 14:43:47.410" endtime="20220516 14:43:52.071"/>
</kw>
<status status="PASS" starttime="20220516 14:43:47.409" endtime="20220516 14:43:52.072"/>
</kw>
<status status="PASS" starttime="20220516 14:43:43.418" endtime="20220516 14:43:52.073"/>
</test>
<status status="PASS" starttime="20220516 14:43:43.112" endtime="20220516 14:43:52.075"/>
</suite>
<statistics>
<total>
<stat pass="1" fail="0" skip="0">All Tests</stat>
</total>
<tag>
</tag>
<suite>
<stat pass="1" fail="0" skip="0" id="s1" name="Variables">Variables</stat>
</suite>
</statistics>
<errors>
</errors>
</robot>
